<?xml version="1.0" encoding="UTF-8"?>
<!-- Generated by org.testng.reporters.JUnitReportReporter -->
<testsuite skipped="0" hostname="LAPTOP-4B4FRHP4" name="testsuit.TestRstAsrd" tests="3" failures="0" timestamp="02 Jan 2018 16:41:04 GMT" time="2.108" errors="0">
  <testcase name="test2" time="0.638" classname="testsuit.TestRstAsrd"/>
  <testcase name="test1" time="0.800" classname="testsuit.TestRstAsrd"/>
  <testcase name="test3" time="0.670" classname="testsuit.TestRstAsrd"/>
</testsuite> <!-- testsuit.TestRstAsrd -->
