<?xml version="1.0" encoding="UTF-8"?>
<!-- Generated by org.testng.reporters.JUnitReportReporter -->
<testsuite skipped="0" hostname="LAPTOP-4B4FRHP4" name="testsuit.TestRstAsrd5_Jsonpath$TestRstAsrd" tests="1" failures="0" timestamp="02 Jan 2018 16:41:04 GMT" time="1.281" errors="0">
  <testcase name="test7" time="1.281" classname="testsuit.TestRstAsrd5_Jsonpath$TestRstAsrd"/>
</testsuite> <!-- testsuit.TestRstAsrd5_Jsonpath$TestRstAsrd -->
