<?xml version="1.0" encoding="UTF-8"?>
<!-- Generated by org.testng.reporters.JUnitReportReporter -->
<testsuite skipped="0" hostname="LAPTOP-4B4FRHP4" name="com.rest.assured.mvn.TestRstAsrd1" tests="1" failures="0" timestamp="30 Dec 2017 12:59:41 GMT" time="2.568" errors="0">
  <testcase name="test1" time="2.568" classname="com.rest.assured.mvn.TestRstAsrd1"/>
</testsuite> <!-- com.rest.assured.mvn.TestRstAsrd1 -->
