<?xml version="1.0" encoding="UTF-8"?>
<!-- Generated by org.testng.reporters.JUnitReportReporter -->
<testsuite skipped="0" hostname="LAPTOP-4B4FRHP4" name="testsuit.TestRstAsrd1" tests="1" failures="0" timestamp="02 Jan 2018 16:41:04 GMT" time="0.455" errors="0">
  <testcase name="test4" time="0.455" classname="testsuit.TestRstAsrd1"/>
</testsuite> <!-- testsuit.TestRstAsrd1 -->
