<?xml version="1.0" encoding="UTF-8"?>
<!-- Generated by org.testng.reporters.JUnitReportReporter -->
<testsuite skipped="0" hostname="LAPTOP-4B4FRHP4" name="com.rest.assured.mvn.TestRstAsrd" tests="3" failures="0" timestamp="30 Dec 2017 12:44:35 GMT" time="7.752" errors="0">
  <testcase name="test1" time="5.156" classname="com.rest.assured.mvn.TestRstAsrd"/>
  <testcase name="test2" time="1.026" classname="com.rest.assured.mvn.TestRstAsrd"/>
  <testcase name="test3" time="1.570" classname="com.rest.assured.mvn.TestRstAsrd"/>
</testsuite> <!-- com.rest.assured.mvn.TestRstAsrd -->
