<?xml version="1.0" encoding="UTF-8"?>
<!-- Generated by org.testng.reporters.JUnitReportReporter -->
<testsuite skipped="0" hostname="LAPTOP-4B4FRHP4" name="testsuit.TestRstAsrd3" tests="1" failures="0" timestamp="02 Jan 2018 17:01:58 GMT" time="2.389" errors="0">
  <testcase name="test5" time="2.389" classname="testsuit.TestRstAsrd3"/>
</testsuite> <!-- testsuit.TestRstAsrd3 -->
